0 info it worked if it ends with ok
1 verbose cli [ 'C:\\Program Files\\nodejs\\node.exe',
1 verbose cli   'C:\\Users\\Administrator\\AppData\\Roaming\\npm\\node_modules\\npm\\bin\\npm-cli.js',
1 verbose cli   'run',
1 verbose cli   'dev' ]
2 info using npm@3.9.5
3 info using node@v4.4.5
4 verbose run-script [ 'predev', 'dev', 'postdev' ]
5 info lifecycle CoolReactAnimation@0.0.0~predev: CoolReactAnimation@0.0.0
6 silly lifecycle CoolReactAnimation@0.0.0~predev: no script for predev, continuing
7 info lifecycle CoolReactAnimation@0.0.0~dev: CoolReactAnimation@0.0.0
8 verbose lifecycle CoolReactAnimation@0.0.0~dev: unsafe-perm in lifecycle true
9 verbose lifecycle CoolReactAnimation@0.0.0~dev: PATH: C:\Users\Administrator\AppData\Roaming\npm\node_modules\npm\bin\node-gyp-bin;E:\ZhiHuaSiStudio\2016\CoolReactAnimation\node_modules\.bin;C:\Program Files\nodejs;C:\ProgramData\Oracle\Java\javapath;C:\Program Files\Java\jdk1.6.0_32\bin;C:\Program Files\Java\jdk1.6.0_32\jre\bin;C:\Program Files\Java\jdk1.6.0_32\bin;C:\Program Files\Java\jdk1.6.0_32\jre\bin;C:\Windows\system32;C:\Windows;C:\Windows\System32\Wbem;C:\Windows\System32\WindowsPowerShell\v1.0\;C:\Program Files\TortoiseGit\bin;C:\Program Files\TortoiseSVN\bin;C:\Windows\system32\config\systemprofile\.dnx\bin;C:\Program Files\Microsoft DNX\Dnvm\;C:\Program Files\nodejs\;D:\Program Files (x86)\svn\bin;C:\Program Files (x86)\Git\bin;C:\Program Files (x86)\Microsoft VS Code\bin;E:\my\ruff-sdk-win-0.8.0\bin;C:\Users\Administrator\AppData\Roaming\npm;C:\Program Files (x86)\Egret\Egret Wing 3\bin
10 verbose lifecycle CoolReactAnimation@0.0.0~dev: CWD: E:\ZhiHuaSiStudio\2016\CoolReactAnimation
11 silly lifecycle CoolReactAnimation@0.0.0~dev: Args: [ '/d /s /c',
11 silly lifecycle   'webpack-dev-server --config script/webpack.config.js --hot --devtool eval --progress --colors --hot --content-base app' ]
12 silly lifecycle CoolReactAnimation@0.0.0~dev: Returned: code: 1  signal: null
13 info lifecycle CoolReactAnimation@0.0.0~dev: Failed to exec dev script
14 verbose stack Error: CoolReactAnimation@0.0.0 dev: `webpack-dev-server --config script/webpack.config.js --hot --devtool eval --progress --colors --hot --content-base app`
14 verbose stack Exit status 1
14 verbose stack     at EventEmitter.<anonymous> (C:\Users\Administrator\AppData\Roaming\npm\node_modules\npm\lib\utils\lifecycle.js:245:16)
14 verbose stack     at emitTwo (events.js:87:13)
14 verbose stack     at EventEmitter.emit (events.js:172:7)
14 verbose stack     at ChildProcess.<anonymous> (C:\Users\Administrator\AppData\Roaming\npm\node_modules\npm\lib\utils\spawn.js:24:14)
14 verbose stack     at emitTwo (events.js:87:13)
14 verbose stack     at ChildProcess.emit (events.js:172:7)
14 verbose stack     at maybeClose (internal/child_process.js:827:16)
14 verbose stack     at Process.ChildProcess._handle.onexit (internal/child_process.js:211:5)
15 verbose pkgid CoolReactAnimation@0.0.0
16 verbose cwd E:\ZhiHuaSiStudio\2016\CoolReactAnimation\src
17 error Windows_NT 6.1.7601
18 error argv "C:\\Program Files\\nodejs\\node.exe" "C:\\Users\\Administrator\\AppData\\Roaming\\npm\\node_modules\\npm\\bin\\npm-cli.js" "run" "dev"
19 error node v4.4.5
20 error npm  v3.9.5
21 error code ELIFECYCLE
22 error CoolReactAnimation@0.0.0 dev: `webpack-dev-server --config script/webpack.config.js --hot --devtool eval --progress --colors --hot --content-base app`
22 error Exit status 1
23 error Failed at the CoolReactAnimation@0.0.0 dev script 'webpack-dev-server --config script/webpack.config.js --hot --devtool eval --progress --colors --hot --content-base app'.
23 error Make sure you have the latest version of node.js and npm installed.
23 error If you do, this is most likely a problem with the CoolReactAnimation package,
23 error not with npm itself.
23 error Tell the author that this fails on your system:
23 error     webpack-dev-server --config script/webpack.config.js --hot --devtool eval --progress --colors --hot --content-base app
23 error You can get information on how to open an issue for this project with:
23 error     npm bugs CoolReactAnimation
23 error Or if that isn't available, you can get their info via:
23 error     npm owner ls CoolReactAnimation
23 error There is likely additional logging output above.
24 verbose exit [ 1, true ]
